<?xml version="1.0" encoding="UTF-8"?>
<!-- Generated by org.testng.reporters.JUnitReportReporter -->
<testsuite skipped="0" hostname="jaydeep" name="test.patient.PaymentMethodsTest" tests="7" failures="0" timestamp="28 Apr 2017 14:18:56 GMT" time="533.751" errors="0">
  <testcase name="testCheckRedirectToPaymentMethods" time="32.946" classname="test.patient.PaymentMethodsTest"/>
  <testcase name="testElementsOfPayment" time="199.496" classname="test.patient.PaymentMethodsTest"/>
  <testcase name="testInvalidCardNumber" time="52.059" classname="test.patient.PaymentMethodsTest"/>
  <testcase name="testInvalidExpirationDate" time="74.014" classname="test.patient.PaymentMethodsTest"/>
  <testcase name="testInvalidSecurityCode" time="64.126" classname="test.patient.PaymentMethodsTest"/>
  <testcase name="testExpiryDateWithMMYYFormat" time="63.945" classname="test.patient.PaymentMethodsTest"/>
  <testcase name="testSecurityCodeWith4Digits" time="47.165" classname="test.patient.PaymentMethodsTest"/>
</testsuite> <!-- test.patient.PaymentMethodsTest -->
