<?xml version="1.0" encoding="UTF-8"?>
<!-- Generated by org.testng.reporters.JUnitReportReporter -->
<testsuite skipped="0" hostname="jaydeep" name="test.patient.BookVisitTest" tests="2" failures="0" timestamp="28 Apr 2017 14:18:56 GMT" time="228.996" errors="0">
  <testcase name="testYesEmergencyCase" time="53.253" classname="test.patient.BookVisitTest"/>
  <testcase name="testElementsOfBookVisitPage" time="175.743" classname="test.patient.BookVisitTest"/>
</testsuite> <!-- test.patient.BookVisitTest -->
