<?xml version="1.0" encoding="UTF-8"?>
<!-- Generated by org.testng.reporters.JUnitReportReporter -->
<testsuite hostname="Manish_Gupta" name="test.patient.HealPatientRegisterTest" tests="2" failures="0" timestamp="20 Apr 2017 09:01:27 GMT" time="83.473" errors="0">
  <testcase name="testNormsAndConditionsLink" time="68.882" classname="test.patient.HealPatientRegisterTest"/>
  <testcase name="testSecurityCheckRedirectToRegisterPage" time="14.591" classname="test.patient.HealPatientRegisterTest"/>
</testsuite> <!-- test.patient.HealPatientRegisterTest -->
