<?xml version="1.0" encoding="UTF-8"?>
<!-- Generated by org.testng.reporters.JUnitReportReporter -->
<testsuite skipped="0" hostname="jaydeep" name="test.patient.HealPatientLoginTest" tests="1" failures="0" timestamp="26 Apr 2017 13:51:09 GMT" time="39.870" errors="0">
  <testcase name="testloginWithValidCredentails" time="39.870" classname="test.patient.HealPatientLoginTest"/>
</testsuite> <!-- test.patient.HealPatientLoginTest -->
