<?xml version="1.0" encoding="UTF-8"?>
<!-- Generated by org.testng.reporters.JUnitReportReporter -->
<testsuite skipped="0" hostname="jaydeep" name="test.patient.LoginTest" tests="7" failures="0" timestamp="28 Apr 2017 14:18:56 GMT" time="352.400" errors="0">
  <testcase name="testSecurityCheckRedirectToLoginPage" time="22.733" classname="test.patient.LoginTest"/>
  <testcase name="testValidationOfLoginForm" time="41.037" classname="test.patient.LoginTest"/>
  <testcase name="testElementsOfLoginPage" time="121.035" classname="test.patient.LoginTest"/>
  <testcase name="testNormsAndConditionsLink" time="77.260" classname="test.patient.LoginTest"/>
  <testcase name="testRegisterLinkFlow" time="8.056" classname="test.patient.LoginTest"/>
  <testcase name="testloginWithValidCredentails" time="30.431" classname="test.patient.LoginTest"/>
  <testcase name="testLogInFormWithBlankData" time="51.848" classname="test.patient.LoginTest"/>
</testsuite> <!-- test.patient.LoginTest -->
